# JRE version: Java(TM) SE Runtime Environment (8.0_65-b17) (build 1.8.0_65-b17)
# Java VM: Java HotSpot(TM) 64-Bit Server VM (25.65-b01 mixed mode windows-amd64 compressed oops)
Heap:
 PSYoungGen      total 293376K, used 123877K [0x00000000eab00000, 0x0000000100000000, 0x0000000100000000)
  eden space 251392K, 35% used [0x00000000eab00000,0x00000000f020dee0,0x00000000fa080000)
  from space 41984K, 82% used [0x00000000fa080000,0x00000000fc26b8a8,0x00000000fc980000)
  to   space 55808K, 0% used [0x00000000fc980000,0x00000000fc980000,0x0000000100000000)
 ParOldGen       total 172544K, used 87363K [0x00000000c0000000, 0x00000000ca880000, 0x00000000eab00000)
  object space 172544K, 50% used [0x00000000c0000000,0x00000000c5550d18,0x00000000ca880000)
 Metaspace       used 6665K, capacity 7320K, committed 7680K, reserved 1056768K
  class space    used 631K, capacity 656K, committed 768K, reserved 1048576K
GC Heap History (10 events):
Event: 3.942 GC heap before
{Heap before GC invocations=6 (full 0):
 PSYoungGen      total 71680K, used 71671K [0x00000000eab00000, 0x00000000f4f00000, 0x0000000100000000)
  eden space 66560K, 100% used [0x00000000eab00000,0x00000000eec00000,0x00000000eec00000)
  from space 5120K, 99% used [0x00000000eec00000,0x00000000ef0fdd60,0x00000000ef100000)
  to   space 17408K, 0% used [0x00000000f3e00000,0x00000000f3e00000,0x00000000f4f00000)
 ParOldGen       total 87552K, used 23754K [0x00000000c0000000, 0x00000000c5580000, 0x00000000eab00000)
  object space 87552K, 27% used [0x00000000c0000000,0x00000000c1732ad0,0x00000000c5580000)
 Metaspace       used 6520K, capacity 7256K, committed 7424K, reserved 1056768K
  class space    used 624K, capacity 656K, committed 768K, reserved 1048576K
Event: 3.989 GC heap after
Heap after GC invocations=6 (full 0):
 PSYoungGen      total 147968K, used 16151K [0x00000000eab00000, 0x00000000f5400000, 0x0000000100000000)
  eden space 130560K, 0% used [0x00000000eab00000,0x00000000eab00000,0x00000000f2a80000)
  from space 17408K, 92% used [0x00000000f3e00000,0x00000000f4dc5d60,0x00000000f4f00000)
  to   space 19968K, 0% used [0x00000000f2a80000,0x00000000f2a80000,0x00000000f3e00000)
 ParOldGen       total 87552K, used 23754K [0x00000000c0000000, 0x00000000c5580000, 0x00000000eab00000)
  object space 87552K, 27% used [0x00000000c0000000,0x00000000c1732ad0,0x00000000c5580000)
 Metaspace       used 6520K, capacity 7256K, committed 7424K, reserved 1056768K
  class space    used 624K, capacity 656K, committed 768K, reserved 1048576K
}
Event: 4.532 GC heap before
{Heap before GC invocations=7 (full 0):
 PSYoungGen      total 147968K, used 146711K [0x00000000eab00000, 0x00000000f5400000, 0x0000000100000000)
  eden space 130560K, 100% used [0x00000000eab00000,0x00000000f2a80000,0x00000000f2a80000)
  from space 17408K, 92% used [0x00000000f3e00000,0x00000000f4dc5d60,0x00000000f4f00000)
  to   space 19968K, 0% used [0x00000000f2a80000,0x00000000f2a80000,0x00000000f3e00000)
 ParOldGen       total 87552K, used 23754K [0x00000000c0000000, 0x00000000c5580000, 0x00000000eab00000)
  object space 87552K, 27% used [0x00000000c0000000,0x00000000c1732ad0,0x00000000c5580000)
 Metaspace       used 6544K, capacity 7256K, committed 7424K, reserved 1056768K
  class space    used 624K, capacity 656K, committed 768K, reserved 1048576K
Event: 4.637 GC heap after
Heap after GC invocations=7 (full 0):
 PSYoungGen      total 150528K, used 19939K [0x00000000eab00000, 0x00000000fe900000, 0x0000000100000000)
  eden space 130560K, 0% used [0x00000000eab00000,0x00000000eab00000,0x00000000f2a80000)
  from space 19968K, 99% used [0x00000000f2a80000,0x00000000f3df8da0,0x00000000f3e00000)
  to   space 32256K, 0% used [0x00000000fc980000,0x00000000fc980000,0x00000000fe900000)
 ParOldGen       total 87552K, used 41617K [0x00000000c0000000, 0x00000000c5580000, 0x00000000eab00000)
  object space 87552K, 47% used [0x00000000c0000000,0x00000000c28a4650,0x00000000c5580000)
 Metaspace       used 6544K, capacity 7256K, committed 7424K, reserved 1056768K
  class space    used 624K, capacity 656K, committed 768K, reserved 1048576K
}
Event: 6.128 GC heap before
{Heap before GC invocations=8 (full 0):
 PSYoungGen      total 150528K, used 150499K [0x00000000eab00000, 0x00000000fe900000, 0x0000000100000000)
  eden space 130560K, 100% used [0x00000000eab00000,0x00000000f2a80000,0x00000000f2a80000)
  from space 19968K, 99% used [0x00000000f2a80000,0x00000000f3df8da0,0x00000000f3e00000)
  to   space 32256K, 0% used [0x00000000fc980000,0x00000000fc980000,0x00000000fe900000)
 ParOldGen       total 87552K, used 41617K [0x00000000c0000000, 0x00000000c5580000, 0x00000000eab00000)
  object space 87552K, 47% used [0x00000000c0000000,0x00000000c28a4650,0x00000000c5580000)
 Metaspace       used 6550K, capacity 7256K, committed 7424K, reserved 1056768K
  class space    used 624K, capacity 656K, committed 768K, reserved 1048576K
Event: 6.215 GC heap after
Heap after GC invocations=8 (full 0):
 PSYoungGen      total 283648K, used 32253K [0x00000000eab00000, 0x00000000ffc00000, 0x0000000100000000)
  eden space 251392K, 0% used [0x00000000eab00000,0x00000000eab00000,0x00000000fa080000)
  from space 32256K, 99% used [0x00000000fc980000,0x00000000fe8ff508,0x00000000fe900000)
  to   space 41984K, 0% used [0x00000000fa080000,0x00000000fa080000,0x00000000fc980000)
 ParOldGen       total 87552K, used 51372K [0x00000000c0000000, 0x00000000c5580000, 0x00000000eab00000)
  object space 87552K, 58% used [0x00000000c0000000,0x00000000c322b3c0,0x00000000c5580000)
 Metaspace       used 6550K, capacity 7256K, committed 7424K, reserved 1056768K
  class space    used 624K, capacity 656K, committed 768K, reserved 1048576K
}
Event: 7.248 GC heap before
{Heap before GC invocations=9 (full 0):
 PSYoungGen      total 283648K, used 283645K [0x00000000eab00000, 0x00000000ffc00000, 0x0000000100000000)
  eden space 251392K, 100% used [0x00000000eab00000,0x00000000fa080000,0x00000000fa080000)
  from space 32256K, 99% used [0x00000000fc980000,0x00000000fe8ff508,0x00000000fe900000)
  to   space 41984K, 0% used [0x00000000fa080000,0x00000000fa080000,0x00000000fc980000)
 ParOldGen       total 87552K, used 51372K [0x00000000c0000000, 0x00000000c5580000, 0x00000000eab00000)
  object space 87552K, 58% used [0x00000000c0000000,0x00000000c322b3c0,0x00000000c5580000)
 Metaspace       used 6572K, capacity 7256K, committed 7424K, reserved 1056768K
  class space    used 625K, capacity 656K, committed 768K, reserved 1048576K
Event: 7.343 GC heap after
Heap after GC invocations=9 (full 0):
 PSYoungGen      total 293376K, used 41980K [0x00000000eab00000, 0x0000000100000000, 0x0000000100000000)
  eden space 251392K, 0% used [0x00000000eab00000,0x00000000eab00000,0x00000000fa080000)
  from space 41984K, 99% used [0x00000000fa080000,0x00000000fc97f298,0x00000000fc980000)
  to   space 55808K, 0% used [0x00000000fc980000,0x00000000fc980000,0x0000000100000000)
 ParOldGen       total 87552K, used 84385K [0x00000000c0000000, 0x00000000c5580000, 0x00000000eab00000)
  object space 87552K, 96% used [0x00000000c0000000,0x00000000c5268568,0x00000000c5580000)
 Metaspace       used 6572K, capacity 7256K, committed 7424K, reserved 1056768K
  class space    used 625K, capacity 656K, committed 768K, reserved 1048576K
}
Event: 7.343 GC heap before
{Heap before GC invocations=10 (full 1):
 PSYoungGen      total 293376K, used 41980K [0x00000000eab00000, 0x0000000100000000, 0x0000000100000000)
  eden space 251392K, 0% used [0x00000000eab00000,0x00000000eab00000,0x00000000fa080000)
  from space 41984K, 99% used [0x00000000fa080000,0x00000000fc97f298,0x00000000fc980000)
  to   space 55808K, 0% used [0x00000000fc980000,0x00000000fc980000,0x0000000100000000)
 ParOldGen       total 87552K, used 84385K [0x00000000c0000000, 0x00000000c5580000, 0x00000000eab00000)
  object space 87552K, 96% used [0x00000000c0000000,0x00000000c5268568,0x00000000c5580000)
 Metaspace       used 6572K, capacity 7256K, committed 7424K, reserved 1056768K
  class space    used 625K, capacity 656K, committed 768K, reserved 1048576K
Event: 9.698 GC heap after
Heap after GC invocations=10 (full 1):
 PSYoungGen      total 293376K, used 34734K [0x00000000eab00000, 0x0000000100000000, 0x0000000100000000)
  eden space 251392K, 0% used [0x00000000eab00000,0x00000000eab00000,0x00000000fa080000)
  from space 41984K, 82% used [0x00000000fa080000,0x00000000fc26b8a8,0x00000000fc980000)
  to   space 55808K, 0% used [0x00000000fc980000,0x00000000fc980000,0x0000000100000000)
 ParOldGen       total 172544K, used 87363K [0x00000000c0000000, 0x00000000ca880000, 0x00000000eab00000)
  object space 172544K, 50% used [0x00000000c0000000,0x00000000c5550d18,0x00000000ca880000)
 Metaspace       used 6572K, capacity 7256K, committed 7424K, reserved 1056768K
  class space    used 625K, capacity 656K, committed 768K, reserved 1048576K
}

